0 info it worked if it ends with ok
1 verbose cli [ 'C:\\Program Files\\nodejs\\node.exe',
1 verbose cli   'C:\\Program Files\\nodejs\\node_modules\\npm\\bin\\npm-cli.js',
1 verbose cli   'install',
1 verbose cli   'mariasql',
1 verbose cli   '--save' ]
2 info using npm@3.8.9
3 info using node@v6.2.0
4 silly loadCurrentTree Starting
5 silly install loadCurrentTree
6 silly install readLocalPackageData
7 silly fetchPackageMetaData mariasql
8 silly fetchNamedPackageData mariasql
9 silly mapToRegistry name mariasql
10 silly mapToRegistry using default registry
11 silly mapToRegistry registry https://registry.npmjs.org/
12 silly mapToRegistry data Result {
12 silly mapToRegistry   raw: 'mariasql',
12 silly mapToRegistry   scope: null,
12 silly mapToRegistry   name: 'mariasql',
12 silly mapToRegistry   rawSpec: '',
12 silly mapToRegistry   spec: 'latest',
12 silly mapToRegistry   type: 'tag' }
13 silly mapToRegistry uri https://registry.npmjs.org/mariasql
14 verbose request uri https://registry.npmjs.org/mariasql
15 verbose request no auth needed
16 info attempt registry request try #1 at 2:47:54 PM
17 verbose request id be5d986c0aa3a642
18 http request GET https://registry.npmjs.org/mariasql
19 http 200 https://registry.npmjs.org/mariasql
20 verbose headers { server: 'CouchDB/1.6.1 (Erlang OTP/R16B03)',
20 verbose headers   etag: '"E1YCXN2YXM47TYNUP7O94AIHF"',
20 verbose headers   'content-type': 'application/json',
20 verbose headers   'content-encoding': 'gzip',
20 verbose headers   'cache-control': 'max-age=300',
20 verbose headers   'content-length': '9307',
20 verbose headers   'accept-ranges': 'bytes',
20 verbose headers   date: 'Wed, 03 Aug 2016 09:18:00 GMT',
20 verbose headers   via: '1.1 varnish',
20 verbose headers   age: '0',
20 verbose headers   connection: 'keep-alive',
20 verbose headers   'x-served-by': 'cache-sin6924-SIN',
20 verbose headers   'x-cache': 'MISS',
20 verbose headers   'x-cache-hits': '0',
20 verbose headers   'x-timer': 'S1470215880.646652,VS0,VE222',
20 verbose headers   vary: 'Accept-Encoding' }
21 silly get cb [ 200,
21 silly get   { server: 'CouchDB/1.6.1 (Erlang OTP/R16B03)',
21 silly get     etag: '"E1YCXN2YXM47TYNUP7O94AIHF"',
21 silly get     'content-type': 'application/json',
21 silly get     'content-encoding': 'gzip',
21 silly get     'cache-control': 'max-age=300',
21 silly get     'content-length': '9307',
21 silly get     'accept-ranges': 'bytes',
21 silly get     date: 'Wed, 03 Aug 2016 09:18:00 GMT',
21 silly get     via: '1.1 varnish',
21 silly get     age: '0',
21 silly get     connection: 'keep-alive',
21 silly get     'x-served-by': 'cache-sin6924-SIN',
21 silly get     'x-cache': 'MISS',
21 silly get     'x-cache-hits': '0',
21 silly get     'x-timer': 'S1470215880.646652,VS0,VE222',
21 silly get     vary: 'Accept-Encoding' } ]
22 verbose get saving mariasql to C:\Users\SANTOSH\AppData\Roaming\npm-cache\registry.npmjs.org\mariasql\.cache.json
23 verbose correctMkdir C:\Users\SANTOSH\AppData\Roaming\npm-cache correctMkdir not in flight; initializing
24 silly install normalizeTree
25 silly loadCurrentTree Finishing
26 silly loadIdealTree Starting
27 silly install loadIdealTree
28 silly cloneCurrentTree Starting
29 silly install cloneCurrentTreeToIdealTree
30 silly cloneCurrentTree Finishing
31 silly loadShrinkwrap Starting
32 silly install loadShrinkwrap
33 silly loadShrinkwrap Finishing
34 silly loadAllDepsIntoIdealTree Starting
35 silly install loadAllDepsIntoIdealTree
36 silly resolveWithNewModule mariasql@0.2.6 checking installable status
37 silly cache add args [ 'mariasql', null ]
38 verbose cache add spec mariasql
39 silly cache add parsed spec Result {
39 silly cache add   raw: 'mariasql',
39 silly cache add   scope: null,
39 silly cache add   name: 'mariasql',
39 silly cache add   rawSpec: '',
39 silly cache add   spec: 'latest',
39 silly cache add   type: 'tag' }
40 silly addNamed mariasql@latest
41 verbose addNamed "latest" is being treated as a dist-tag for mariasql
42 info addNameTag [ 'mariasql', 'latest' ]
43 silly mapToRegistry name mariasql
44 silly mapToRegistry using default registry
45 silly mapToRegistry registry https://registry.npmjs.org/
46 silly mapToRegistry data Result {
46 silly mapToRegistry   raw: 'mariasql',
46 silly mapToRegistry   scope: null,
46 silly mapToRegistry   name: 'mariasql',
46 silly mapToRegistry   rawSpec: '',
46 silly mapToRegistry   spec: 'latest',
46 silly mapToRegistry   type: 'tag' }
47 silly mapToRegistry uri https://registry.npmjs.org/mariasql
48 verbose addNameTag registry:https://registry.npmjs.org/mariasql not in flight; fetching
49 verbose get https://registry.npmjs.org/mariasql not expired, no request
50 silly addNameTag next cb for mariasql with tag latest
51 silly addNamed mariasql@0.2.6
52 verbose addNamed "0.2.6" is a plain semver version for mariasql
53 silly mapToRegistry name mariasql
54 silly mapToRegistry using default registry
55 silly mapToRegistry registry https://registry.npmjs.org/
56 silly mapToRegistry data Result {
56 silly mapToRegistry   raw: 'mariasql',
56 silly mapToRegistry   scope: null,
56 silly mapToRegistry   name: 'mariasql',
56 silly mapToRegistry   rawSpec: '',
56 silly mapToRegistry   spec: 'latest',
56 silly mapToRegistry   type: 'tag' }
57 silly mapToRegistry uri https://registry.npmjs.org/mariasql
58 verbose addRemoteTarball https://registry.npmjs.org/mariasql/-/mariasql-0.2.6.tgz not in flight; adding
59 verbose addRemoteTarball [ 'https://registry.npmjs.org/mariasql/-/mariasql-0.2.6.tgz',
59 verbose addRemoteTarball   'ab78b0671172f0eaf4e80ddad029b803f35cf77a' ]
60 info retry fetch attempt 1 at 2:48:00 PM
61 info attempt registry request try #1 at 2:48:00 PM
62 http fetch GET https://registry.npmjs.org/mariasql/-/mariasql-0.2.6.tgz
63 http fetch 200 https://registry.npmjs.org/mariasql/-/mariasql-0.2.6.tgz
64 info retry will retry, error on last attempt: Error: read ECONNRESET
65 info retry will retry, error on last attempt: Error: read ECONNRESET
66 silly fetchAndShaCheck shasum ab78b0671172f0eaf4e80ddad029b803f35cf77a
67 silly rollbackFailedOptional Starting
68 silly rollbackFailedOptional Finishing
69 silly runTopLevelLifecycles Starting
70 silly runTopLevelLifecycles Finishing
71 silly install printInstalled
72 verbose stack Error: shasum check failed for C:\Users\SANTOSH\AppData\Local\Temp\npm-11972-f3e328bc\registry.npmjs.org\mariasql\-\mariasql-0.2.6.tgz
72 verbose stack Expected: ab78b0671172f0eaf4e80ddad029b803f35cf77a
72 verbose stack Actual:   b92fe2e5bdc28efebc9352c01ba3a126375cbfaa
72 verbose stack From:     https://registry.npmjs.org/mariasql/-/mariasql-0.2.6.tgz
72 verbose stack     at C:\Program Files\nodejs\node_modules\npm\node_modules\sha\index.js:25:8
72 verbose stack     at ReadStream.<anonymous> (C:\Program Files\nodejs\node_modules\npm\node_modules\sha\index.js:72:7)
72 verbose stack     at emitNone (events.js:91:20)
72 verbose stack     at ReadStream.emit (events.js:185:7)
72 verbose stack     at endReadableNT (_stream_readable.js:926:12)
72 verbose stack     at _combinedTickCallback (internal/process/next_tick.js:74:11)
72 verbose stack     at process._tickCallback (internal/process/next_tick.js:98:9)
73 verbose cwd D:\Crew_Mean_sequelize
74 error Windows_NT 10.0.10586
75 error argv "C:\\Program Files\\nodejs\\node.exe" "C:\\Program Files\\nodejs\\node_modules\\npm\\bin\\npm-cli.js" "install" "mariasql" "--save"
76 error node v6.2.0
77 error npm  v3.8.9
78 error shasum check failed for C:\Users\SANTOSH\AppData\Local\Temp\npm-11972-f3e328bc\registry.npmjs.org\mariasql\-\mariasql-0.2.6.tgz
78 error Expected: ab78b0671172f0eaf4e80ddad029b803f35cf77a
78 error Actual:   b92fe2e5bdc28efebc9352c01ba3a126375cbfaa
78 error From:     https://registry.npmjs.org/mariasql/-/mariasql-0.2.6.tgz
79 error If you need help, you may report this error at:
79 error     <https://github.com/npm/npm/issues>
80 verbose exit [ 1, true ]
